{"E:\\cv\\blueoc\\BlueOC-test\\Task2\\task2.js": {"path":"E:\\cv\\blueoc\\BlueOC-test\\Task2\\task2.js","all":false,"statementMap":{"0":{"start":{"line":1,"column":0},"end":{"line":1,"column":34}},"1":{"start":{"line":2,"column":0},"end":{"line":2,"column":23}},"2":{"start":{"line":3,"column":0},"end":{"line":3,"column":63}},"3":{"start":{"line":4,"column":0},"end":{"line":4,"column":3}},"4":{"start":{"line":5,"column":0},"end":{"line":5,"column":46}},"5":{"start":{"line":6,"column":0},"end":{"line":6,"column":37}},"6":{"start":{"line":7,"column":0},"end":{"line":7,"column":1}},"7":{"start":{"line":8,"column":0},"end":{"line":8,"column":0}},"8":{"start":{"line":9,"column":0},"end":{"line":9,"column":30}},"9":{"start":{"line":10,"column":0},"end":{"line":10,"column":42}},"10":{"start":{"line":11,"column":0},"end":{"line":11,"column":61}},"11":{"start":{"line":12,"column":0},"end":{"line":12,"column":0}},"12":{"start":{"line":13,"column":0},"end":{"line":13,"column":21}},"13":{"start":{"line":14,"column":0},"end":{"line":14,"column":30}},"14":{"start":{"line":15,"column":0},"end":{"line":15,"column":15}},"15":{"start":{"line":16,"column":0},"end":{"line":16,"column":17}},"16":{"start":{"line":17,"column":0},"end":{"line":17,"column":7}},"17":{"start":{"line":18,"column":0},"end":{"line":18,"column":47}},"18":{"start":{"line":19,"column":0},"end":{"line":19,"column":61}},"19":{"start":{"line":20,"column":0},"end":{"line":20,"column":19}},"20":{"start":{"line":21,"column":0},"end":{"line":21,"column":33}},"21":{"start":{"line":22,"column":0},"end":{"line":22,"column":3}},"22":{"start":{"line":23,"column":0},"end":{"line":23,"column":1}},"23":{"start":{"line":24,"column":0},"end":{"line":24,"column":40}}},"s":{"0":4,"1":4,"2":1,"3":1,"4":3,"5":3,"6":3,"7":1,"8":1,"9":0,"10":0,"11":0,"12":0,"13":0,"14":0,"15":0,"16":0,"17":0,"18":0,"19":0,"20":0,"21":0,"22":0,"23":1},"branchMap":{"0":{"type":"branch","line":9,"loc":{"start":{"line":9,"column":29},"end":{"line":23,"column":1}},"locations":[{"start":{"line":9,"column":29},"end":{"line":23,"column":1}}]},"1":{"type":"branch","line":1,"loc":{"start":{"line":1,"column":0},"end":{"line":7,"column":1}},"locations":[{"start":{"line":1,"column":0},"end":{"line":7,"column":1}}]},"2":{"type":"branch","line":2,"loc":{"start":{"line":2,"column":22},"end":{"line":4,"column":3}},"locations":[{"start":{"line":2,"column":22},"end":{"line":4,"column":3}}]},"3":{"type":"branch","line":4,"loc":{"start":{"line":4,"column":2},"end":{"line":7,"column":1}},"locations":[{"start":{"line":4,"column":2},"end":{"line":7,"column":1}}]},"4":{"type":"branch","line":5,"loc":{"start":{"line":5,"column":29},"end":{"line":5,"column":44}},"locations":[{"start":{"line":5,"column":29},"end":{"line":5,"column":44}}]}},"b":{"0":[0],"1":[4],"2":[1],"3":[3],"4":[12]},"fnMap":{"0":{"name":"sumOfTopTwoNumbers","decl":{"start":{"line":1,"column":0},"end":{"line":7,"column":1}},"loc":{"start":{"line":1,"column":0},"end":{"line":7,"column":1}},"line":1}},"f":{"0":4}}
}
